[PREINITIALIZATION][CLIENT][INFO] Thank you to the Patreon supporters below and others who make CraftTweaker possible!
Freebi
quaternary
DreamThorn
Darkosto
Pongo Sapiens
Robijnvogel
Diablo Crasher
realTIMematrix
Jonathan McManus
Dan Goodman
If you want to support the mod, checkout https://patreon.com/jaredlll08?s=crtmod

[PREINITIALIZATION][CLIENT][INFO] Current loaders after merging: [[preinit]]
[PREINITIALIZATION][CLIENT][INFO] Loading scripts for loader with names [preinit]
[PREINITIALIZATION][CLIENT][INFO] Debug Preprocessor found in {[0:contenttweaker]: 00_ContentTweaker\00_CreativeTab.zs}, enabling debugmode
[PREINITIALIZATION][CLIENT][INFO] [preinit | SIDE_CLIENT]: Skipping file {[0:contenttweaker]: 00_ContentTweaker\00_CreativeTab.zs} as we are currently loading with a different loader
[PREINITIALIZATION][CLIENT][INFO] [preinit | SIDE_CLIENT]: Skipping file {[-1:contenttweaker]: 00_ContentTweaker\01_MekInfuse.zs} as we are currently loading with a different loader
[PREINITIALIZATION][CLIENT][INFO] [preinit | SIDE_CLIENT]: Skipping file {[-2:contenttweaker]: 00_ContentTweaker\02_Fuels_Coins.zs} as we are currently loading with a different loader
[PREINITIALIZATION][CLIENT][INFO] [preinit | SIDE_CLIENT]: Skipping file {[-4:contenttweaker]: 00_ContentTweaker\04_Item.zs} as we are currently loading with a different loader
[PREINITIALIZATION][CLIENT][INFO] [preinit | SIDE_CLIENT]: Skipping file {[-5:contenttweaker]: 00_ContentTweaker\05_Block.zs} as we are currently loading with a different loader
[PREINITIALIZATION][CLIENT][INFO] [preinit | SIDE_CLIENT]: Skipping file {[-6:contenttweaker]: 00_ContentTweaker\06_Liquid.zs} as we are currently loading with a different loader
[PREINITIALIZATION][CLIENT][INFO] [preinit | SIDE_CLIENT]: Skipping file {[-6:contenttweaker]: 00_ContentTweaker\10_OilProducts.zs} as we are currently loading with a different loader
[PREINITIALIZATION][CLIENT][INFO] [preinit | SIDE_CLIENT]: Skipping file {[-98:contenttweaker]: 00_ContentTweaker\98_AppliedEnergistics2.zs} as we are currently loading with a different loader
[PREINITIALIZATION][CLIENT][INFO] [preinit | SIDE_CLIENT]: Skipping file {[-99:contenttweaker]: 00_ContentTweaker\99_CompactStorage.zs} as we are currently loading with a different loader
[PREINITIALIZATION][CLIENT][INFO] [preinit | SIDE_CLIENT]: Skipping file {[-100:mekatweaker]: 01_MekaTweaker\00_InfuseMaterial.zs} as we are currently loading with a different loader
[PREINITIALIZATION][CLIENT][INFO] [preinit | SIDE_CLIENT]: Skipping file {[-200:crafttweaker]: 02_OreDict\00_GlobalVariableDeclaration.zs} as we are currently loading with a different loader
[PREINITIALIZATION][CLIENT][INFO] [preinit | SIDE_CLIENT]: Skipping file {[-201:crafttweaker]: 02_OreDict\01_OreDictionaryManipulation.zs} as we are currently loading with a different loader
[PREINITIALIZATION][CLIENT][INFO] [preinit | SIDE_CLIENT]: Skipping file {[-202:crafttweaker]: 02_OreDict\02_RecipeRemoval.zs} as we are currently loading with a different loader
[PREINITIALIZATION][CLIENT][INFO] [preinit | SIDE_CLIENT]: Skipping file {[-203:crafttweaker]: 02_OreDict\03_OreDictionaryRemoval.zs} as we are currently loading with a different loader
[PREINITIALIZATION][CLIENT][INFO] [preinit | SIDE_CLIENT]: Skipping file {[-204:crafttweaker]: 02_OreDict\04_RecipeAddition.zs} as we are currently loading with a different loader
[PREINITIALIZATION][CLIENT][INFO] Completed script loading in: 2ms
[PREINITIALIZATION][CLIENT][INFO] Current loaders after merging: [[preinit], [contenttweaker]]
[PREINITIALIZATION][CLIENT][INFO] Loading scripts for loader with names [contenttweaker]
[PREINITIALIZATION][CLIENT][INFO] Debug Preprocessor found in {[0:contenttweaker]: 00_ContentTweaker\00_CreativeTab.zs}, enabling debugmode
[PREINITIALIZATION][CLIENT][INFO] [contenttweaker | SIDE_CLIENT]: Loading Script: {[0:contenttweaker]: 00_ContentTweaker\00_CreativeTab.zs}
[PREINITIALIZATION][CLIENT][INFO] Item <item:thermalfoundation:coin:1> has not been found, trying to use a ghost representative. This message will only be printed once, all subsequent missing items will be handled the same way.
[PREINITIALIZATION][CLIENT][INFO] [contenttweaker | SIDE_CLIENT]: Loading Script: {[-1:contenttweaker]: 00_ContentTweaker\01_MekInfuse.zs}
[PREINITIALIZATION][CLIENT][INFO] [contenttweaker | SIDE_CLIENT]: Loading Script: {[-2:contenttweaker]: 00_ContentTweaker\02_Fuels_Coins.zs}
[PREINITIALIZATION][CLIENT][ERROR] 00_ContentTweaker\02_Fuels_Coins.zs:19 > No such static member in mods.contenttweaker.MaterialPart: getPart
[PREINITIALIZATION][CLIENT][ERROR] 00_ContentTweaker\02_Fuels_Coins.zs:19 > any values not yet supported
[PREINITIALIZATION][CLIENT][ERROR] 00_ContentTweaker\02_Fuels_Coins.zs:33 > Cannot cast string to string[int]
[PREINITIALIZATION][CLIENT][ERROR] 00_ContentTweaker\02_Fuels_Coins.zs:33 > cannot cast any[any] to string
[PREINITIALIZATION][CLIENT][ERROR] 00_ContentTweaker\02_Fuels_Coins.zs:33 > Cannot cast string to string[int]
[PREINITIALIZATION][CLIENT][ERROR] 00_ContentTweaker\02_Fuels_Coins.zs:33 > cannot cast any[any] to string
[PREINITIALIZATION][CLIENT][ERROR] [contenttweaker]: Error executing {[-2:contenttweaker]: 00_ContentTweaker\02_Fuels_Coins.zs}: Bad type on operand stack
Exception Details:
  Location:
    00_ContentTweaker\02_Fuels_Coins.__script__()V @132: ifnonnull
  Reason:
    Type integer (current frame, stack[6]) is not assignable to reference type
  Current Frame:
    bci: @132
    flags: { }
    locals: { top, '[Ljava/lang/String;', top, '[Ljava/lang/String;', top, top, integer, 'java/lang/String' }
    stack: { '[Ljava/lang/String;', null, '[Lstanhebben/zenscript/value/IAny;', '[Lstanhebben/zenscript/value/IAny;', integer, integer, integer }
  Bytecode:
    0x0000000: 120a bd00 0c59 120d 120f 5359 1210 1212
    0x0000010: 5359 1213 1215 5359 1216 1218 5359 1219
    0x0000020: 121b 5359 121c 121e 5359 121f 1221 534c
    0x0000030: 1219 bd00 0c59 120d 1223 5359 1210 1225
    0x0000040: 5359 1213 1227 5359 1216 1229 534e 2d03
    0x0000050: 3606 59be 1506 a400 4959 1506 323a 07b8
    0x0000060: 002f 1907 b900 3502 0012 37b8 003b b900
    0x0000070: 3f02 00b9 0043 0100 5701 1210 bd00 4559
    0x0000080: 120d 0459 c700 0857 01a7 0006 b800 4bb8
    0x0000090: 0051 53b9 0055 0200 5784 0601 a7ff b657
    0x00000a0: 2b03 360a 59be 150a a400 2959 150a 323a
    0x00000b0: 0bb8 0059 190b b900 5e02 00b9 0061 0100
    0x00000c0: 3a0d 190d 2db9 0067 0200 5784 0a01 a7ff
    0x00000d0: d657 1213 bd00 0c59 120d 1269 5359 1210
    0x00000e0: 126b 533a 0f12 1fbd 000c 5912 0d12 6d53
    0x00000f0: 5912 1012 6f53 5912 1312 7153 5912 1612
    0x0000100: 7353 5912 1912 7553 5912 1c12 7753 3a11
    0x0000110: 1219 bd00 0c59 120d 1269 5359 1210 1279
    0x0000120: 5359 1213 127b 5359 1216 127d 534c 1213
    0x0000130: bd00 0c59 120d 127f 5359 1210 1281 534e
    0x0000140: bb00 8359 b700 8659 0101 b900 8c03 0057
    0x0000150: 5901 01b9 008c 0300 573a 1319 0f03 3616
    0x0000160: 59be 1516 a401 0059 1516 323a 1719 1712
    0x0000170: 69b6 0090 9900 0703 a700 0404 9900 0a12
    0x0000180: 923a 19a7 0007 1294 3a19 1911 0336 1c59
    0x0000190: be15 1ca4 00ca 5915 1c32 3a1d 2d03 3620
    0x00001a0: 59be 1520 a400 b259 1520 323a 212b 0336
    0x00001b0: 2459 be15 24a4 009a 5915 2432 3a25 1925
    0x00001c0: 1269 b600 9099 0007 03a7 0004 0499 000a
    0x00001d0: 1296 3a27 a700 3919 2512 7bb6 0090 9900
    0x00001e0: 0703 a700 0404 9900 0a12 983a 27a7 0020
    0x00001f0: 1925 1279 b600 9099 0007 03a7 0004 0499
    0x0000200: 000a 129a 3a27 a700 0712 9c3a 27bb 009e
    0x0000210: 59b7 009f 1917 b600 a319 1db6 00a3 12a5
    0x0000220: b600 a319 21b6 00a3 12a5 b600 a319 25b6
    0x0000230: 00a3 b600 a9b8 00af 3a29 1929 12b1 b800
    0x0000240: b7b6 00bd 1929 b600 c084 2401 a7ff 6557
    0x0000250: 8420 01a7 ff4d 5784 1c01 a7ff 3557 8416
    0x0000260: 01a7 feff 57b1                         
  Stackmap Table:
    full_frame(@82,{Top,Object[#194],Top,Object[#194],Top,Top,Integer},{Object[#194]})
    full_frame(@140,{Top,Object[#194],Top,Object[#194],Top,Top,Integer,Object[#12]},{Object[#194],Null,Object[#196],Object[#196],Integer,Integer})
    full_frame(@143,{Top,Object[#194],Top,Object[#194],Top,Top,Integer,Object[#12]},{Object[#194],Null,Object[#196],Object[#196],Integer,Object[#69]})
    full_frame(@159,{Top,Object[#194],Top,Object[#194],Top,Top,Integer},{Object[#194]})
    full_frame(@164,{Top,Object[#194],Top,Object[#194],Top,Top,Integer,Top,Top,Top,Integer},{Object[#194]})
    same_locals_1_stack_item_frame(@209,Object[#194])
    full_frame(@352,{Top,Object[#194],Top,Object[#194],Top,Top,Integer,Top,Top,Top,Integer,Top,Top,Top,Top,Object[#194],Top,Object[#194],Top,Object[#131],Top,Top,Integer},{Object[#194]})
    full_frame(@379,{Top,Object[#194],Top,Object[#194],Top,Top,Integer,Top,Top,Top,Integer,Top,Top,Top,Top,Object[#194],Top,Object[#194],Top,Object[#131],Top,Top,Integer,Object[#12]},{Object[#194]})
    full_frame(@380,{Top,Object[#194],Top,Object[#194],Top,Top,Integer,Top,Top,Top,Integer,Top,Top,Top,Top,Object[#194],Top,Object[#194],Top,Object[#131],Top,Top,Integer,Object[#12]},{Object[#194],Integer})
    same_locals_1_stack_item_frame(@390,Object[#194])
    full_frame(@394,{Top,Object[#194],Top,Object[#194],Top,Top,Integer,Top,Top,Top,Integer,Top,Top,Top,Top,Object[#194],Top,Object[#194],Top,Object[#131],Top,Top,Integer,Object[#12],Top,Object[#12]},{Object[#194]})
    full_frame(@399,{Top,Object[#194],Top,Object[#194],Top,Top,Integer,Top,Top,Top,Integer,Top,Top,Top,Top,Object[#194],Top,Object[#194],Top,Object[#131],Top,Top,Integer,Object[#12],Top,Object[#12],Top,Top,Integer},{Object[#194],Object[#194]})
    full_frame(@416,{Top,Object[#194],Top,Object[#194],Top,Top,Integer,Top,Top,Top,Integer,Top,Top,Top,Top,Object[#194],Top,Object[#194],Top,Object[#131],Top,Top,Integer,Object[#12],Top,Object[#12],Top,Top,Integer,Object[#12],Top,Top,Integer},{Object[#194],Object[#194],Object[#194]})
    full_frame(@433,{Top,Object[#194],Top,Object[#194],Top,Top,Integer,Top,Top,Top,Integer,Top,Top,Top,Top,Object[#194],Top,Object[#194],Top,Object[#131],Top,Top,Integer,Object[#12],Top,Object[#12],Top,Top,Integer,Object[#12],Top,Top,Integer,Object[#12],Top,Top,Integer},{Object[#194],Object[#194],Object[#194],Object[#194]})
    full_frame(@460,{Top,Object[#194],Top,Object[#194],Top,Top,Integer,Top,Top,Top,Integer,Top,Top,Top,Top,Object[#194],Top,Object[#194],Top,Object[#131],Top,Top,Integer,Object[#12],Top,Object[#12],Top,Top,Integer,Object[#12],Top,Top,Integer,Object[#12],Top,Top,Integer,Object[#12]},{Object[#194],Object[#194],Object[#194],Object[#194]})
    full_frame(@461,{Top,Object[#194],Top,Object[#194],Top,Top,Integer,Top,Top,Top,Integer,Top,Top,Top,Top,Object[#194],Top,Object[#194],Top,Object[#131],Top,Top,Integer,Object[#12],Top,Object[#12],Top,Top,Integer,Object[#12],Top,Top,Integer,Object[#12],Top,Top,Integer,Object[#12]},{Object[#194],Object[#194],Object[#194],Object[#194],Integer})
    full_frame(@471,{Top,Object[#194],Top,Object[#194],Top,Top,Integer,Top,Top,Top,Integer,Top,Top,Top,Top,Object[#194],Top,Object[#194],Top,Object[#131],Top,Top,Integer,Object[#12],Top,Object[#12],Top,Top,Integer,Object[#12],Top,Top,Integer,Object[#12],Top,Top,Integer,Object[#12]},{Object[#194],Object[#194],Object[#194],Object[#194]})
    full_frame(@485,{Top,Object[#194],Top,Object[#194],Top,Top,Integer,Top,Top,Top,Integer,Top,Top,Top,Top,Object[#194],Top,Object[#194],Top,Object[#131],Top,Top,Integer,Object[#12],Top,Object[#12],Top,Top,Integer,Object[#12],Top,Top,Integer,Object[#12],Top,Top,Integer,Object[#12]},{Object[#194],Object[#194],Object[#194],Object[#194]})
    full_frame(@486,{Top,Object[#194],Top,Object[#194],Top,Top,Integer,Top,Top,Top,Integer,Top,Top,Top,Top,Object[#194],Top,Object[#194],Top,Object[#131],Top,Top,Integer,Object[#12],Top,Object[#12],Top,Top,Integer,Object[#12],Top,Top,Integer,Object[#12],Top,Top,Integer,Object[#12]},{Object[#194],Object[#194],Object[#194],Object[#194],Integer})
    full_frame(@496,{Top,Object[#194],Top,Object[#194],Top,Top,Integer,Top,Top,Top,Integer,Top,Top,Top,Top,Object[#194],Top,Object[#194],Top,Object[#131],Top,Top,Integer,Object[#12],Top,Object[#12],Top,Top,Integer,Object[#12],Top,Top,Integer,Object[#12],Top,Top,Integer,Object[#12]},{Object[#194],Object[#194],Object[#194],Object[#194]})
    full_frame(@510,{Top,Object[#194],Top,Object[#194],Top,Top,Integer,Top,Top,Top,Integer,Top,Top,Top,Top,Object[#194],Top,Object[#194],Top,Object[#131],Top,Top,Integer,Object[#12],Top,Object[#12],Top,Top,Integer,Object[#12],Top,Top,Integer,Object[#12],Top,Top,Integer,Object[#12]},{Object[#194],Object[#194],Object[#194],Object[#194]})
    full_frame(@511,{Top,Object[#194],Top,Object[#194],Top,Top,Integer,Top,Top,Top,Integer,Top,Top,Top,Top,Object[#194],Top,Object[#194],Top,Object[#131],Top,Top,Integer,Object[#12],Top,Object[#12],Top,Top,Integer,Object[#12],Top,Top,Integer,Object[#12],Top,Top,Integer,Object[#12]},{Object[#194],Object[#194],Object[#194],Object[#194],Integer})
    full_frame(@521,{Top,Object[#194],Top,Object[#194],Top,Top,Integer,Top,Top,Top,Integer,Top,Top,Top,Top,Object[#194],Top,Object[#194],Top,Object[#131],Top,Top,Integer,Object[#12],Top,Object[#12],Top,Top,Integer,Object[#12],Top,Top,Integer,Object[#12],Top,Top,Integer,Object[#12]},{Object[#194],Object[#194],Object[#194],Object[#194]})
    full_frame(@525,{Top,Object[#194],Top,Object[#194],Top,Top,Integer,Top,Top,Top,Integer,Top,Top,Top,Top,Object[#194],Top,Object[#194],Top,Object[#131],Top,Top,Integer,Object[#12],Top,Object[#12],Top,Top,Integer,Object[#12],Top,Top,Integer,Object[#12],Top,Top,Integer,Object[#12],Top,Object[#12]},{Object[#194],Object[#194],Object[#194],Object[#194]})
    full_frame(@591,{Top,Object[#194],Top,Object[#194],Top,Top,Integer,Top,Top,Top,Integer,Top,Top,Top,Top,Object[#194],Top,Object[#194],Top,Object[#131],Top,Top,Integer,Object[#12],Top,Object[#12],Top,Top,Integer,Object[#12],Top,Top,Integer,Object[#12],Top,Top,Integer},{Object[#194],Object[#194],Object[#194],Object[#194]})
    full_frame(@598,{Top,Object[#194],Top,Object[#194],Top,Top,Integer,Top,Top,Top,Integer,Top,Top,Top,Top,Object[#194],Top,Object[#194],Top,Object[#131],Top,Top,Integer,Object[#12],Top,Object[#12],Top,Top,Integer,Object[#12],Top,Top,Integer},{Object[#194],Object[#194],Object[#194]})
    full_frame(@605,{Top,Object[#194],Top,Object[#194],Top,Top,Integer,Top,Top,Top,Integer,Top,Top,Top,Top,Object[#194],Top,Object[#194],Top,Object[#131],Top,Top,Integer,Object[#12],Top,Object[#12],Top,Top,Integer},{Object[#194],Object[#194]})
    full_frame(@612,{Top,Object[#194],Top,Object[#194],Top,Top,Integer,Top,Top,Top,Integer,Top,Top,Top,Top,Object[#194],Top,Object[#194],Top,Object[#131],Top,Top,Integer},{Object[#194]})

java.lang.VerifyError: Bad type on operand stack
Exception Details:
  Location:
    00_ContentTweaker\02_Fuels_Coins.__script__()V @132: ifnonnull
  Reason:
    Type integer (current frame, stack[6]) is not assignable to reference type
  Current Frame:
    bci: @132
    flags: { }
    locals: { top, '[Ljava/lang/String;', top, '[Ljava/lang/String;', top, top, integer, 'java/lang/String' }
    stack: { '[Ljava/lang/String;', null, '[Lstanhebben/zenscript/value/IAny;', '[Lstanhebben/zenscript/value/IAny;', integer, integer, integer }
  Bytecode:
    0x0000000: 120a bd00 0c59 120d 120f 5359 1210 1212
    0x0000010: 5359 1213 1215 5359 1216 1218 5359 1219
    0x0000020: 121b 5359 121c 121e 5359 121f 1221 534c
    0x0000030: 1219 bd00 0c59 120d 1223 5359 1210 1225
    0x0000040: 5359 1213 1227 5359 1216 1229 534e 2d03
    0x0000050: 3606 59be 1506 a400 4959 1506 323a 07b8
    0x0000060: 002f 1907 b900 3502 0012 37b8 003b b900
    0x0000070: 3f02 00b9 0043 0100 5701 1210 bd00 4559
    0x0000080: 120d 0459 c700 0857 01a7 0006 b800 4bb8
    0x0000090: 0051 53b9 0055 0200 5784 0601 a7ff b657
    0x00000a0: 2b03 360a 59be 150a a400 2959 150a 323a
    0x00000b0: 0bb8 0059 190b b900 5e02 00b9 0061 0100
    0x00000c0: 3a0d 190d 2db9 0067 0200 5784 0a01 a7ff
    0x00000d0: d657 1213 bd00 0c59 120d 1269 5359 1210
    0x00000e0: 126b 533a 0f12 1fbd 000c 5912 0d12 6d53
    0x00000f0: 5912 1012 6f53 5912 1312 7153 5912 1612
    0x0000100: 7353 5912 1912 7553 5912 1c12 7753 3a11
    0x0000110: 1219 bd00 0c59 120d 1269 5359 1210 1279
    0x0000120: 5359 1213 127b 5359 1216 127d 534c 1213
    0x0000130: bd00 0c59 120d 127f 5359 1210 1281 534e
    0x0000140: bb00 8359 b700 8659 0101 b900 8c03 0057
    0x0000150: 5901 01b9 008c 0300 573a 1319 0f03 3616
    0x0000160: 59be 1516 a401 0059 1516 323a 1719 1712
    0x0000170: 69b6 0090 9900 0703 a700 0404 9900 0a12
    0x0000180: 923a 19a7 0007 1294 3a19 1911 0336 1c59
    0x0000190: be15 1ca4 00ca 5915 1c32 3a1d 2d03 3620
    0x00001a0: 59be 1520 a400 b259 1520 323a 212b 0336
    0x00001b0: 2459 be15 24a4 009a 5915 2432 3a25 1925
    0x00001c0: 1269 b600 9099 0007 03a7 0004 0499 000a
    0x00001d0: 1296 3a27 a700 3919 2512 7bb6 0090 9900
    0x00001e0: 0703 a700 0404 9900 0a12 983a 27a7 0020
    0x00001f0: 1925 1279 b600 9099 0007 03a7 0004 0499
    0x0000200: 000a 129a 3a27 a700 0712 9c3a 27bb 009e
    0x0000210: 59b7 009f 1917 b600 a319 1db6 00a3 12a5
    0x0000220: b600 a319 21b6 00a3 12a5 b600 a319 25b6
    0x0000230: 00a3 b600 a9b8 00af 3a29 1929 12b1 b800
    0x0000240: b7b6 00bd 1929 b600 c084 2401 a7ff 6557
    0x0000250: 8420 01a7 ff4d 5784 1c01 a7ff 3557 8416
    0x0000260: 01a7 feff 57b1                         
  Stackmap Table:
    full_frame(@82,{Top,Object[#194],Top,Object[#194],Top,Top,Integer},{Object[#194]})
    full_frame(@140,{Top,Object[#194],Top,Object[#194],Top,Top,Integer,Object[#12]},{Object[#194],Null,Object[#196],Object[#196],Integer,Integer})
    full_frame(@143,{Top,Object[#194],Top,Object[#194],Top,Top,Integer,Object[#12]},{Object[#194],Null,Object[#196],Object[#196],Integer,Object[#69]})
    full_frame(@159,{Top,Object[#194],Top,Object[#194],Top,Top,Integer},{Object[#194]})
    full_frame(@164,{Top,Object[#194],Top,Object[#194],Top,Top,Integer,Top,Top,Top,Integer},{Object[#194]})
    same_locals_1_stack_item_frame(@209,Object[#194])
    full_frame(@352,{Top,Object[#194],Top,Object[#194],Top,Top,Integer,Top,Top,Top,Integer,Top,Top,Top,Top,Object[#194],Top,Object[#194],Top,Object[#131],Top,Top,Integer},{Object[#194]})
    full_frame(@379,{Top,Object[#194],Top,Object[#194],Top,Top,Integer,Top,Top,Top,Integer,Top,Top,Top,Top,Object[#194],Top,Object[#194],Top,Object[#131],Top,Top,Integer,Object[#12]},{Object[#194]})
    full_frame(@380,{Top,Object[#194],Top,Object[#194],Top,Top,Integer,Top,Top,Top,Integer,Top,Top,Top,Top,Object[#194],Top,Object[#194],Top,Object[#131],Top,Top,Integer,Object[#12]},{Object[#194],Integer})
    same_locals_1_stack_item_frame(@390,Object[#194])
    full_frame(@394,{Top,Object[#194],Top,Object[#194],Top,Top,Integer,Top,Top,Top,Integer,Top,Top,Top,Top,Object[#194],Top,Object[#194],Top,Object[#131],Top,Top,Integer,Object[#12],Top,Object[#12]},{Object[#194]})
    full_frame(@399,{Top,Object[#194],Top,Object[#194],Top,Top,Integer,Top,Top,Top,Integer,Top,Top,Top,Top,Object[#194],Top,Object[#194],Top,Object[#131],Top,Top,Integer,Object[#12],Top,Object[#12],Top,Top,Integer},{Object[#194],Object[#194]})
    full_frame(@416,{Top,Object[#194],Top,Object[#194],Top,Top,Integer,Top,Top,Top,Integer,Top,Top,Top,Top,Object[#194],Top,Object[#194],Top,Object[#131],Top,Top,Integer,Object[#12],Top,Object[#12],Top,Top,Integer,Object[#12],Top,Top,Integer},{Object[#194],Object[#194],Object[#194]})
    full_frame(@433,{Top,Object[#194],Top,Object[#194],Top,Top,Integer,Top,Top,Top,Integer,Top,Top,Top,Top,Object[#194],Top,Object[#194],Top,Object[#131],Top,Top,Integer,Object[#12],Top,Object[#12],Top,Top,Integer,Object[#12],Top,Top,Integer,Object[#12],Top,Top,Integer},{Object[#194],Object[#194],Object[#194],Object[#194]})
    full_frame(@460,{Top,Object[#194],Top,Object[#194],Top,Top,Integer,Top,Top,Top,Integer,Top,Top,Top,Top,Object[#194],Top,Object[#194],Top,Object[#131],Top,Top,Integer,Object[#12],Top,Object[#12],Top,Top,Integer,Object[#12],Top,Top,Integer,Object[#12],Top,Top,Integer,Object[#12]},{Object[#194],Object[#194],Object[#194],Object[#194]})
    full_frame(@461,{Top,Object[#194],Top,Object[#194],Top,Top,Integer,Top,Top,Top,Integer,Top,Top,Top,Top,Object[#194],Top,Object[#194],Top,Object[#131],Top,Top,Integer,Object[#12],Top,Object[#12],Top,Top,Integer,Object[#12],Top,Top,Integer,Object[#12],Top,Top,Integer,Object[#12]},{Object[#194],Object[#194],Object[#194],Object[#194],Integer})
    full_frame(@471,{Top,Object[#194],Top,Object[#194],Top,Top,Integer,Top,Top,Top,Integer,Top,Top,Top,Top,Object[#194],Top,Object[#194],Top,Object[#131],Top,Top,Integer,Object[#12],Top,Object[#12],Top,Top,Integer,Object[#12],Top,Top,Integer,Object[#12],Top,Top,Integer,Object[#12]},{Object[#194],Object[#194],Object[#194],Object[#194]})
    full_frame(@485,{Top,Object[#194],Top,Object[#194],Top,Top,Integer,Top,Top,Top,Integer,Top,Top,Top,Top,Object[#194],Top,Object[#194],Top,Object[#131],Top,Top,Integer,Object[#12],Top,Object[#12],Top,Top,Integer,Object[#12],Top,Top,Integer,Object[#12],Top,Top,Integer,Object[#12]},{Object[#194],Object[#194],Object[#194],Object[#194]})
    full_frame(@486,{Top,Object[#194],Top,Object[#194],Top,Top,Integer,Top,Top,Top,Integer,Top,Top,Top,Top,Object[#194],Top,Object[#194],Top,Object[#131],Top,Top,Integer,Object[#12],Top,Object[#12],Top,Top,Integer,Object[#12],Top,Top,Integer,Object[#12],Top,Top,Integer,Object[#12]},{Object[#194],Object[#194],Object[#194],Object[#194],Integer})
    full_frame(@496,{Top,Object[#194],Top,Object[#194],Top,Top,Integer,Top,Top,Top,Integer,Top,Top,Top,Top,Object[#194],Top,Object[#194],Top,Object[#131],Top,Top,Integer,Object[#12],Top,Object[#12],Top,Top,Integer,Object[#12],Top,Top,Integer,Object[#12],Top,Top,Integer,Object[#12]},{Object[#194],Object[#194],Object[#194],Object[#194]})
    full_frame(@510,{Top,Object[#194],Top,Object[#194],Top,Top,Integer,Top,Top,Top,Integer,Top,Top,Top,Top,Object[#194],Top,Object[#194],Top,Object[#131],Top,Top,Integer,Object[#12],Top,Object[#12],Top,Top,Integer,Object[#12],Top,Top,Integer,Object[#12],Top,Top,Integer,Object[#12]},{Object[#194],Object[#194],Object[#194],Object[#194]})
    full_frame(@511,{Top,Object[#194],Top,Object[#194],Top,Top,Integer,Top,Top,Top,Integer,Top,Top,Top,Top,Object[#194],Top,Object[#194],Top,Object[#131],Top,Top,Integer,Object[#12],Top,Object[#12],Top,Top,Integer,Object[#12],Top,Top,Integer,Object[#12],Top,Top,Integer,Object[#12]},{Object[#194],Object[#194],Object[#194],Object[#194],Integer})
    full_frame(@521,{Top,Object[#194],Top,Object[#194],Top,Top,Integer,Top,Top,Top,Integer,Top,Top,Top,Top,Object[#194],Top,Object[#194],Top,Object[#131],Top,Top,Integer,Object[#12],Top,Object[#12],Top,Top,Integer,Object[#12],Top,Top,Integer,Object[#12],Top,Top,Integer,Object[#12]},{Object[#194],Object[#194],Object[#194],Object[#194]})
    full_frame(@525,{Top,Object[#194],Top,Object[#194],Top,Top,Integer,Top,Top,Top,Integer,Top,Top,Top,Top,Object[#194],Top,Object[#194],Top,Object[#131],Top,Top,Integer,Object[#12],Top,Object[#12],Top,Top,Integer,Object[#12],Top,Top,Integer,Object[#12],Top,Top,Integer,Object[#12],Top,Object[#12]},{Object[#194],Object[#194],Object[#194],Object[#194]})
    full_frame(@591,{Top,Object[#194],Top,Object[#194],Top,Top,Integer,Top,Top,Top,Integer,Top,Top,Top,Top,Object[#194],Top,Object[#194],Top,Object[#131],Top,Top,Integer,Object[#12],Top,Object[#12],Top,Top,Integer,Object[#12],Top,Top,Integer,Object[#12],Top,Top,Integer},{Object[#194],Object[#194],Object[#194],Object[#194]})
    full_frame(@598,{Top,Object[#194],Top,Object[#194],Top,Top,Integer,Top,Top,Top,Integer,Top,Top,Top,Top,Object[#194],Top,Object[#194],Top,Object[#131],Top,Top,Integer,Object[#12],Top,Object[#12],Top,Top,Integer,Object[#12],Top,Top,Integer},{Object[#194],Object[#194],Object[#194]})
    full_frame(@605,{Top,Object[#194],Top,Object[#194],Top,Top,Integer,Top,Top,Top,Integer,Top,Top,Top,Top,Object[#194],Top,Object[#194],Top,Object[#131],Top,Top,Integer,Object[#12],Top,Object[#12],Top,Top,Integer},{Object[#194],Object[#194]})
    full_frame(@612,{Top,Object[#194],Top,Object[#194],Top,Top,Integer,Top,Top,Top,Integer,Top,Top,Top,Top,Object[#194],Top,Object[#194],Top,Object[#131],Top,Top,Integer},{Object[#194]})

	at __ZenMain__.run(00_ContentTweaker\02_Fuels_Coins)
	at crafttweaker.runtime.CrTTweaker.loadScript(CrTTweaker.java:225)
	at crafttweaker.runtime.CrTTweaker.loadScript(CrTTweaker.java:96)
	at crafttweaker.runtime.CrTTweaker.loadScript(CrTTweaker.java:100)
	at crafttweaker.runtime.CrTTweaker.loadScript(CrTTweaker.java:78)
	at com.teamacronymcoders.contenttweaker.ContentTweaker.afterModuleHandlerInit(ContentTweaker.java:45)
	at com.teamacronymcoders.base.BaseModFoundation.preInit(BaseModFoundation.java:112)
	at com.teamacronymcoders.contenttweaker.ContentTweaker.preInit(ContentTweaker.java:40)
	at sun.reflect.NativeMethodAccessorImpl.invoke0(Native Method)
	at sun.reflect.NativeMethodAccessorImpl.invoke(NativeMethodAccessorImpl.java:62)
	at sun.reflect.DelegatingMethodAccessorImpl.invoke(DelegatingMethodAccessorImpl.java:43)
	at java.lang.reflect.Method.invoke(Method.java:497)
	at net.minecraftforge.fml.common.FMLModContainer.handleModStateEvent(FMLModContainer.java:637)
	at sun.reflect.GeneratedMethodAccessor9.invoke(Unknown Source)
	at sun.reflect.DelegatingMethodAccessorImpl.invoke(DelegatingMethodAccessorImpl.java:43)
	at java.lang.reflect.Method.invoke(Method.java:497)
	at com.google.common.eventbus.Subscriber.invokeSubscriberMethod(Subscriber.java:91)
	at com.google.common.eventbus.Subscriber$SynchronizedSubscriber.invokeSubscriberMethod(Subscriber.java:150)
	at com.google.common.eventbus.Subscriber$1.run(Subscriber.java:76)
	at com.google.common.util.concurrent.MoreExecutors$DirectExecutor.execute(MoreExecutors.java:399)
	at com.google.common.eventbus.Subscriber.dispatchEvent(Subscriber.java:71)
	at com.google.common.eventbus.Dispatcher$PerThreadQueuedDispatcher.dispatch(Dispatcher.java:116)
	at com.google.common.eventbus.EventBus.post(EventBus.java:217)
	at net.minecraftforge.fml.common.LoadController.sendEventToModContainer(LoadController.java:219)
	at net.minecraftforge.fml.common.LoadController.propogateStateMessage(LoadController.java:197)
	at sun.reflect.NativeMethodAccessorImpl.invoke0(Native Method)
	at sun.reflect.NativeMethodAccessorImpl.invoke(NativeMethodAccessorImpl.java:62)
	at sun.reflect.DelegatingMethodAccessorImpl.invoke(DelegatingMethodAccessorImpl.java:43)
	at java.lang.reflect.Method.invoke(Method.java:497)
	at com.google.common.eventbus.Subscriber.invokeSubscriberMethod(Subscriber.java:91)
	at com.google.common.eventbus.Subscriber$SynchronizedSubscriber.invokeSubscriberMethod(Subscriber.java:150)
	at com.google.common.eventbus.Subscriber$1.run(Subscriber.java:76)
	at com.google.common.util.concurrent.MoreExecutors$DirectExecutor.execute(MoreExecutors.java:399)
	at com.google.common.eventbus.Subscriber.dispatchEvent(Subscriber.java:71)
	at com.google.common.eventbus.Dispatcher$PerThreadQueuedDispatcher.dispatch(Dispatcher.java:116)
	at com.google.common.eventbus.EventBus.post(EventBus.java:217)
	at net.minecraftforge.fml.common.LoadController.distributeStateMessage(LoadController.java:136)
	at net.minecraftforge.fml.common.Loader.preinitializeMods(Loader.java:629)
	at net.minecraftforge.fml.client.FMLClientHandler.beginMinecraftLoading(FMLClientHandler.java:252)
	at net.minecraft.client.Minecraft.func_71384_a(Minecraft.java:467)
	at net.minecraft.client.Minecraft.func_99999_d(Minecraft.java:3931)
	at net.minecraft.client.main.Main.main(SourceFile:123)
	at sun.reflect.NativeMethodAccessorImpl.invoke0(Native Method)
	at sun.reflect.NativeMethodAccessorImpl.invoke(NativeMethodAccessorImpl.java:62)
	at sun.reflect.DelegatingMethodAccessorImpl.invoke(DelegatingMethodAccessorImpl.java:43)
	at java.lang.reflect.Method.invoke(Method.java:497)
	at net.minecraft.launchwrapper.Launch.launch(Launch.java:135)
	at net.minecraft.launchwrapper.Launch.main(Launch.java:28)
[PREINITIALIZATION][CLIENT][INFO] [contenttweaker | SIDE_CLIENT]: Loading Script: {[-4:contenttweaker]: 00_ContentTweaker\04_Item.zs}
[PREINITIALIZATION][CLIENT][INFO] [contenttweaker | SIDE_CLIENT]: Loading Script: {[-5:contenttweaker]: 00_ContentTweaker\05_Block.zs}
[PREINITIALIZATION][CLIENT][INFO] [contenttweaker | SIDE_CLIENT]: Loading Script: {[-6:contenttweaker]: 00_ContentTweaker\06_Liquid.zs}
[PREINITIALIZATION][CLIENT][ERROR] [contenttweaker]: Error executing {[-6:contenttweaker]: 00_ContentTweaker\06_Liquid.zs}: null
java.lang.NullPointerException
	at stanhebben.zenscript.type.natives.JavaMethod.rematch(JavaMethod.java:135)
	at stanhebben.zenscript.expression.ExpressionCallVirtual.<init>(ExpressionCallVirtual.java:26)
	at stanhebben.zenscript.type.natives.ZenNativeMember$InstanceGetValue.eval(ZenNativeMember.java:84)
	at stanhebben.zenscript.statements.StatementExpression.compile(StatementExpression.java:27)
	at stanhebben.zenscript.statements.StatementExpression.compile(StatementExpression.java:19)
	at stanhebben.zenscript.statements.StatementBlock.compile(StatementBlock.java:22)
	at stanhebben.zenscript.statements.StatementForeach.compile(StatementForeach.java:66)
	at stanhebben.zenscript.ZenModule.compileScripts(ZenModule.java:152)
	at crafttweaker.runtime.CrTTweaker.loadScript(CrTTweaker.java:215)
	at crafttweaker.runtime.CrTTweaker.loadScript(CrTTweaker.java:96)
	at crafttweaker.runtime.CrTTweaker.loadScript(CrTTweaker.java:100)
	at crafttweaker.runtime.CrTTweaker.loadScript(CrTTweaker.java:78)
	at com.teamacronymcoders.contenttweaker.ContentTweaker.afterModuleHandlerInit(ContentTweaker.java:45)
	at com.teamacronymcoders.base.BaseModFoundation.preInit(BaseModFoundation.java:112)
	at com.teamacronymcoders.contenttweaker.ContentTweaker.preInit(ContentTweaker.java:40)
	at sun.reflect.NativeMethodAccessorImpl.invoke0(Native Method)
	at sun.reflect.NativeMethodAccessorImpl.invoke(NativeMethodAccessorImpl.java:62)
	at sun.reflect.DelegatingMethodAccessorImpl.invoke(DelegatingMethodAccessorImpl.java:43)
	at java.lang.reflect.Method.invoke(Method.java:497)
	at net.minecraftforge.fml.common.FMLModContainer.handleModStateEvent(FMLModContainer.java:637)
	at sun.reflect.GeneratedMethodAccessor9.invoke(Unknown Source)
	at sun.reflect.DelegatingMethodAccessorImpl.invoke(DelegatingMethodAccessorImpl.java:43)
	at java.lang.reflect.Method.invoke(Method.java:497)
	at com.google.common.eventbus.Subscriber.invokeSubscriberMethod(Subscriber.java:91)
	at com.google.common.eventbus.Subscriber$SynchronizedSubscriber.invokeSubscriberMethod(Subscriber.java:150)
	at com.google.common.eventbus.Subscriber$1.run(Subscriber.java:76)
	at com.google.common.util.concurrent.MoreExecutors$DirectExecutor.execute(MoreExecutors.java:399)
	at com.google.common.eventbus.Subscriber.dispatchEvent(Subscriber.java:71)
	at com.google.common.eventbus.Dispatcher$PerThreadQueuedDispatcher.dispatch(Dispatcher.java:116)
	at com.google.common.eventbus.EventBus.post(EventBus.java:217)
	at net.minecraftforge.fml.common.LoadController.sendEventToModContainer(LoadController.java:219)
	at net.minecraftforge.fml.common.LoadController.propogateStateMessage(LoadController.java:197)
	at sun.reflect.NativeMethodAccessorImpl.invoke0(Native Method)
	at sun.reflect.NativeMethodAccessorImpl.invoke(NativeMethodAccessorImpl.java:62)
	at sun.reflect.DelegatingMethodAccessorImpl.invoke(DelegatingMethodAccessorImpl.java:43)
	at java.lang.reflect.Method.invoke(Method.java:497)
	at com.google.common.eventbus.Subscriber.invokeSubscriberMethod(Subscriber.java:91)
	at com.google.common.eventbus.Subscriber$SynchronizedSubscriber.invokeSubscriberMethod(Subscriber.java:150)
	at com.google.common.eventbus.Subscriber$1.run(Subscriber.java:76)
	at com.google.common.util.concurrent.MoreExecutors$DirectExecutor.execute(MoreExecutors.java:399)
	at com.google.common.eventbus.Subscriber.dispatchEvent(Subscriber.java:71)
	at com.google.common.eventbus.Dispatcher$PerThreadQueuedDispatcher.dispatch(Dispatcher.java:116)
	at com.google.common.eventbus.EventBus.post(EventBus.java:217)
	at net.minecraftforge.fml.common.LoadController.distributeStateMessage(LoadController.java:136)
	at net.minecraftforge.fml.common.Loader.preinitializeMods(Loader.java:629)
	at net.minecraftforge.fml.client.FMLClientHandler.beginMinecraftLoading(FMLClientHandler.java:252)
	at net.minecraft.client.Minecraft.func_71384_a(Minecraft.java:467)
	at net.minecraft.client.Minecraft.func_99999_d(Minecraft.java:3931)
	at net.minecraft.client.main.Main.main(SourceFile:123)
	at sun.reflect.NativeMethodAccessorImpl.invoke0(Native Method)
	at sun.reflect.NativeMethodAccessorImpl.invoke(NativeMethodAccessorImpl.java:62)
	at sun.reflect.DelegatingMethodAccessorImpl.invoke(DelegatingMethodAccessorImpl.java:43)
	at java.lang.reflect.Method.invoke(Method.java:497)
	at net.minecraft.launchwrapper.Launch.launch(Launch.java:135)
	at net.minecraft.launchwrapper.Launch.main(Launch.java:28)
[PREINITIALIZATION][CLIENT][INFO] [contenttweaker | SIDE_CLIENT]: Loading Script: {[-6:contenttweaker]: 00_ContentTweaker\10_OilProducts.zs}
[PREINITIALIZATION][CLIENT][INFO] [contenttweaker | SIDE_CLIENT]: Loading Script: {[-98:contenttweaker]: 00_ContentTweaker\98_AppliedEnergistics2.zs}
[PREINITIALIZATION][CLIENT][INFO] [contenttweaker | SIDE_CLIENT]: Loading Script: {[-99:contenttweaker]: 00_ContentTweaker\99_CompactStorage.zs}
[PREINITIALIZATION][CLIENT][INFO] [contenttweaker | SIDE_CLIENT]: Skipping file {[-100:mekatweaker]: 01_MekaTweaker\00_InfuseMaterial.zs} as we are currently loading with a different loader
[PREINITIALIZATION][CLIENT][INFO] [contenttweaker | SIDE_CLIENT]: Skipping file {[-200:crafttweaker]: 02_OreDict\00_GlobalVariableDeclaration.zs} as we are currently loading with a different loader
[PREINITIALIZATION][CLIENT][INFO] [contenttweaker | SIDE_CLIENT]: Skipping file {[-201:crafttweaker]: 02_OreDict\01_OreDictionaryManipulation.zs} as we are currently loading with a different loader
[PREINITIALIZATION][CLIENT][INFO] [contenttweaker | SIDE_CLIENT]: Skipping file {[-202:crafttweaker]: 02_OreDict\02_RecipeRemoval.zs} as we are currently loading with a different loader
[PREINITIALIZATION][CLIENT][INFO] [contenttweaker | SIDE_CLIENT]: Skipping file {[-203:crafttweaker]: 02_OreDict\03_OreDictionaryRemoval.zs} as we are currently loading with a different loader
[PREINITIALIZATION][CLIENT][INFO] [contenttweaker | SIDE_CLIENT]: Skipping file {[-204:crafttweaker]: 02_OreDict\04_RecipeAddition.zs} as we are currently loading with a different loader
[PREINITIALIZATION][CLIENT][INFO] Completed script loading in: 2004ms
[PREINITIALIZATION][CLIENT][INFO] Current loaders after merging: [[preinit], [contenttweaker], [mekatweaker]]
[PREINITIALIZATION][CLIENT][INFO] Loading scripts for loader with names [mekatweaker]
[PREINITIALIZATION][CLIENT][INFO] Debug Preprocessor found in {[0:contenttweaker]: 00_ContentTweaker\00_CreativeTab.zs}, enabling debugmode
[PREINITIALIZATION][CLIENT][INFO] [mekatweaker | SIDE_CLIENT]: Skipping file {[0:contenttweaker]: 00_ContentTweaker\00_CreativeTab.zs} as we are currently loading with a different loader
[PREINITIALIZATION][CLIENT][INFO] [mekatweaker | SIDE_CLIENT]: Skipping file {[-1:contenttweaker]: 00_ContentTweaker\01_MekInfuse.zs} as we are currently loading with a different loader
[PREINITIALIZATION][CLIENT][INFO] [mekatweaker | SIDE_CLIENT]: Skipping file {[-2:contenttweaker]: 00_ContentTweaker\02_Fuels_Coins.zs} as we are currently loading with a different loader
[PREINITIALIZATION][CLIENT][INFO] [mekatweaker | SIDE_CLIENT]: Skipping file {[-4:contenttweaker]: 00_ContentTweaker\04_Item.zs} as we are currently loading with a different loader
[PREINITIALIZATION][CLIENT][INFO] [mekatweaker | SIDE_CLIENT]: Skipping file {[-5:contenttweaker]: 00_ContentTweaker\05_Block.zs} as we are currently loading with a different loader
[PREINITIALIZATION][CLIENT][INFO] [mekatweaker | SIDE_CLIENT]: Skipping file {[-6:contenttweaker]: 00_ContentTweaker\06_Liquid.zs} as we are currently loading with a different loader
[PREINITIALIZATION][CLIENT][INFO] [mekatweaker | SIDE_CLIENT]: Skipping file {[-6:contenttweaker]: 00_ContentTweaker\10_OilProducts.zs} as we are currently loading with a different loader
[PREINITIALIZATION][CLIENT][INFO] [mekatweaker | SIDE_CLIENT]: Skipping file {[-98:contenttweaker]: 00_ContentTweaker\98_AppliedEnergistics2.zs} as we are currently loading with a different loader
[PREINITIALIZATION][CLIENT][INFO] [mekatweaker | SIDE_CLIENT]: Skipping file {[-99:contenttweaker]: 00_ContentTweaker\99_CompactStorage.zs} as we are currently loading with a different loader
[PREINITIALIZATION][CLIENT][INFO] [mekatweaker | SIDE_CLIENT]: Loading Script: {[-100:mekatweaker]: 01_MekaTweaker\00_InfuseMaterial.zs}
[PREINITIALIZATION][CLIENT][INFO] [mekatweaker | SIDE_CLIENT]: Skipping file {[-200:crafttweaker]: 02_OreDict\00_GlobalVariableDeclaration.zs} as we are currently loading with a different loader
[PREINITIALIZATION][CLIENT][INFO] [mekatweaker | SIDE_CLIENT]: Skipping file {[-201:crafttweaker]: 02_OreDict\01_OreDictionaryManipulation.zs} as we are currently loading with a different loader
[PREINITIALIZATION][CLIENT][INFO] [mekatweaker | SIDE_CLIENT]: Skipping file {[-202:crafttweaker]: 02_OreDict\02_RecipeRemoval.zs} as we are currently loading with a different loader
[PREINITIALIZATION][CLIENT][INFO] [mekatweaker | SIDE_CLIENT]: Skipping file {[-203:crafttweaker]: 02_OreDict\03_OreDictionaryRemoval.zs} as we are currently loading with a different loader
[PREINITIALIZATION][CLIENT][INFO] [mekatweaker | SIDE_CLIENT]: Skipping file {[-204:crafttweaker]: 02_OreDict\04_RecipeAddition.zs} as we are currently loading with a different loader
[PREINITIALIZATION][CLIENT][INFO] Completed script loading in: 39ms
